#
# There is insufficient memory for the Java Runtime Environment to continue.
# Native memory allocation (malloc) failed to allocate 32744 bytes for ChunkPool::allocate
# Possible reasons:
#   The system is out of physical RAM or swap space
#   The process is running with CompressedOops enabled, and the Java Heap may be blocking the growth of the native heap
# Possible solutions:
#   Reduce memory load on the system
#   Increase physical memory or swap space
#   Check if swap backing store is full
#   Decrease Java heap size (-Xmx/-Xms)
#   Decrease number of Java threads
#   Decrease Java thread stack sizes (-Xss)
#   Set larger code cache with -XX:ReservedCodeCacheSize=
#   JVM is running with Zero Based Compressed Oops mode in which the Java heap is
#     placed in the first 32GB address space. The Java Heap base address is the
#     maximum limit for the native heap growth. Please use -XX:HeapBaseMinAddress
#     to set the Java Heap base and to place the Java Heap above 32GB virtual address.
# This output file may be truncated or incomplete.
#
#  Out of Memory Error (allocation.cpp:272), pid=20064, tid=0x0000000000001244
#
# JRE version: Java(TM) SE Runtime Environment (8.0_261-b12) (build 1.8.0_261-b12)
# Java VM: Java HotSpot(TM) 64-Bit Server VM (25.261-b12 mixed mode windows-amd64 compressed oops)
# Failed to write core dump. Minidumps are not enabled by default on client versions of Windows
#

---------------  T H R E A D  ---------------

Current thread (0x000001b8bcec3000):  JavaThread "restartedMain" [_thread_in_vm, id=4676, stack(0x0000009bd4d00000,0x0000009bd4e00000)]

Stack: [0x0000009bd4d00000,0x0000009bd4e00000]
Native frames: (J=compiled Java code, j=interpreted, Vv=VM code, C=native code)
V  [jvm.dll+0x33e5f9]
V  [jvm.dll+0x2850e2]
V  [jvm.dll+0x285d8d]
V  [jvm.dll+0x27c895]
V  [jvm.dll+0xe520d]
V  [jvm.dll+0xe556c]
V  [jvm.dll+0x7b2f3]
V  [jvm.dll+0x6a4f1]
V  [jvm.dll+0x93f5e]
V  [jvm.dll+0x1f1913]
V  [jvm.dll+0x1efaa8]
C  0x000001b8a2049f4e

Java frames: (J=compiled Java code, j=interpreted, Vv=VM code)
j  sun.misc.Unsafe.defineAnonymousClass(Ljava/lang/Class;[B[Ljava/lang/Object;)Ljava/lang/Class;+0
j  java.lang.invoke.InnerClassLambdaMetafactory.spinInnerClass()Ljava/lang/Class;+511
j  java.lang.invoke.InnerClassLambdaMetafactory.buildCallSite()Ljava/lang/invoke/CallSite;+1
j  java.lang.invoke.LambdaMetafactory.metafactory(Ljava/lang/invoke/MethodHandles$Lookup;Ljava/lang/String;Ljava/lang/invoke/MethodType;Ljava/lang/invoke/MethodType;Ljava/lang/invoke/MethodHandle;Ljava/lang/invoke/MethodType;)Ljava/lang/invoke/CallSite;+31
j  java.lang.invoke.LambdaForm$DMH.invokeStatic_L6_L(Ljava/lang/Object;Ljava/lang/Object;Ljava/lang/Object;Ljava/lang/Object;Ljava/lang/Object;Ljava/lang/Object;Ljava/lang/Object;)Ljava/lang/Object;+20
j  java.lang.invoke.LambdaForm$BMH.reinvoke(Ljava/lang/Object;Ljava/lang/Object;Ljava/lang/Object;Ljava/lang/Object;Ljava/lang/Object;Ljava/lang/Object;Ljava/lang/Object;)Ljava/lang/Object;+79
j  java.lang.invoke.LambdaForm$MH.invoke_MT(Ljava/lang/Object;Ljava/lang/Object;Ljava/lang/Object;Ljava/lang/Object;Ljava/lang/Object;Ljava/lang/Object;Ljava/lang/Object;Ljava/lang/Object;)Ljava/lang/Object;+30
j  java.lang.invoke.CallSite.makeSite(Ljava/lang/invoke/MethodHandle;Ljava/lang/String;Ljava/lang/invoke/MethodType;Ljava/lang/Object;Ljava/lang/Class;)Ljava/lang/invoke/CallSite;+184
j  java.lang.invoke.MethodHandleNatives.linkCallSiteImpl(Ljava/lang/Class;Ljava/lang/invoke/MethodHandle;Ljava/lang/String;Ljava/lang/invoke/MethodType;Ljava/lang/Object;[Ljava/lang/Object;)Ljava/lang/invoke/MemberName;+6
j  java.lang.invoke.MethodHandleNatives.linkCallSite(Ljava/lang/Object;Ljava/lang/Object;Ljava/lang/Object;Ljava/lang/Object;Ljava/lang/Object;[Ljava/lang/Object;)Ljava/lang/invoke/MemberName;+45
v  ~StubRoutines::call_stub
j  org.springframework.boot.context.config.ConfigFileApplicationListener$Loader.applyActiveProfiles(Lorg/springframework/core/env/PropertySource;)V+90
j  org.springframework.boot.context.config.ConfigFileApplicationListener$Loader.lambda$load$0(Lorg/springframework/core/env/PropertySource;)V+145
j  org.springframework.boot.context.config.ConfigFileApplicationListener$Loader$$Lambda$82.accept(Ljava/lang/Object;)V+8
j  org.springframework.boot.context.config.FilteredPropertySource.apply(Lorg/springframework/core/env/ConfigurableEnvironment;Ljava/lang/String;Ljava/util/Set;Ljava/util/function/Consumer;)V+23
j  org.springframework.boot.context.config.ConfigFileApplicationListener$Loader.load()V+15
j  org.springframework.boot.context.config.ConfigFileApplicationListener.addPropertySources(Lorg/springframework/core/env/ConfigurableEnvironment;Lorg/springframework/core/io/ResourceLoader;)V+14
j  org.springframework.boot.context.config.ConfigFileApplicationListener.postProcessEnvironment(Lorg/springframework/core/env/ConfigurableEnvironment;Lorg/springframework/boot/SpringApplication;)V+6
j  org.springframework.boot.context.config.ConfigFileApplicationListener.onApplicationEnvironmentPreparedEvent(Lorg/springframework/boot/context/event/ApplicationEnvironmentPreparedEvent;)V+54
j  org.springframework.boot.context.config.ConfigFileApplicationListener.onApplicationEvent(Lorg/springframework/context/ApplicationEvent;)V+12
j  org.springframework.context.event.SimpleApplicationEventMulticaster.doInvokeListener(Lorg/springframework/context/ApplicationListener;Lorg/springframework/context/ApplicationEvent;)V+2
j  org.springframework.context.event.SimpleApplicationEventMulticaster.invokeListener(Lorg/springframework/context/ApplicationListener;Lorg/springframework/context/ApplicationEvent;)V+34
j  org.springframework.context.event.SimpleApplicationEventMulticaster.multicastEvent(Lorg/springframework/context/ApplicationEvent;Lorg/springframework/core/ResolvableType;)V+83
j  org.springframework.context.event.SimpleApplicationEventMulticaster.multicastEvent(Lorg/springframework/context/ApplicationEvent;)V+7
j  org.springframework.boot.context.event.EventPublishingRunListener.environmentPrepared(Lorg/springframework/core/env/ConfigurableEnvironment;)V+20
j  org.springframework.boot.SpringApplicationRunListeners.environmentPrepared(Lorg/springframework/core/env/ConfigurableEnvironment;)V+31
j  org.springframework.boot.SpringApplication.prepareEnvironment(Lorg/springframework/boot/SpringApplicationRunListeners;Lorg/springframework/boot/ApplicationArguments;)Lorg/springframework/core/env/ConfigurableEnvironment;+22
j  org.springframework.boot.SpringApplication.run([Ljava/lang/String;)Lorg/springframework/context/ConfigurableApplicationContext;+54
j  org.springframework.boot.builder.SpringApplicationBuilder.run([Ljava/lang/String;)Lorg/springframework/context/ConfigurableApplicationContext;+45
j  org.springframework.cloud.bootstrap.BootstrapApplicationListener.bootstrapServiceContext(Lorg/springframework/core/env/ConfigurableEnvironment;Lorg/springframework/boot/SpringApplication;Ljava/lang/String;)Lorg/springframework/context/ConfigurableApplicationContext;+342
j  org.springframework.cloud.bootstrap.BootstrapApplicationListener.onApplicationEvent(Lorg/springframework/boot/context/event/ApplicationEnvironmentPreparedEvent;)V+127
j  org.springframework.cloud.bootstrap.BootstrapApplicationListener.onApplicationEvent(Lorg/springframework/context/ApplicationEvent;)V+5
j  org.springframework.context.event.SimpleApplicationEventMulticaster.doInvokeListener(Lorg/springframework/context/ApplicationListener;Lorg/springframework/context/ApplicationEvent;)V+2
j  org.springframework.context.event.SimpleApplicationEventMulticaster.invokeListener(Lorg/springframework/context/ApplicationListener;Lorg/springframework/context/ApplicationEvent;)V+34
j  org.springframework.context.event.SimpleApplicationEventMulticaster.multicastEvent(Lorg/springframework/context/ApplicationEvent;Lorg/springframework/core/ResolvableType;)V+83
j  org.springframework.context.event.SimpleApplicationEventMulticaster.multicastEvent(Lorg/springframework/context/ApplicationEvent;)V+7
j  org.springframework.boot.context.event.EventPublishingRunListener.environmentPrepared(Lorg/springframework/core/env/ConfigurableEnvironment;)V+20
j  org.springframework.boot.SpringApplicationRunListeners.environmentPrepared(Lorg/springframework/core/env/ConfigurableEnvironment;)V+31
j  org.springframework.boot.SpringApplication.prepareEnvironment(Lorg/springframework/boot/SpringApplicationRunListeners;Lorg/springframework/boot/ApplicationArguments;)Lorg/springframework/core/env/ConfigurableEnvironment;+22
j  org.springframework.boot.SpringApplication.run([Ljava/lang/String;)Lorg/springframework/context/ConfigurableApplicationContext;+54
j  org.springframework.boot.SpringApplication.run([Ljava/lang/Class;[Ljava/lang/String;)Lorg/springframework/context/ConfigurableApplicationContext;+9
j  org.springframework.boot.SpringApplication.run(Ljava/lang/Class;[Ljava/lang/String;)Lorg/springframework/context/ConfigurableApplicationContext;+9
j  com.quguai.campustransaction.order.CampusTransactionOrderApplication.main([Ljava/lang/String;)V+3
v  ~StubRoutines::call_stub
j  sun.reflect.NativeMethodAccessorImpl.invoke0(Ljava/lang/reflect/Method;Ljava/lang/Object;[Ljava/lang/Object;)Ljava/lang/Object;+0
j  sun.reflect.NativeMethodAccessorImpl.invoke(Ljava/lang/Object;[Ljava/lang/Object;)Ljava/lang/Object;+100
j  sun.reflect.DelegatingMethodAccessorImpl.invoke(Ljava/lang/Object;[Ljava/lang/Object;)Ljava/lang/Object;+6
j  java.lang.reflect.Method.invoke(Ljava/lang/Object;[Ljava/lang/Object;)Ljava/lang/Object;+56
j  org.springframework.boot.devtools.restart.RestartLauncher.run()V+41
v  ~StubRoutines::call_stub

---------------  P R O C E S S  ---------------

Java Threads: ( => current thread )
  0x000001b8bd707000 JavaThread "background-preinit" [_thread_in_vm, id=10904, stack(0x0000009bd4e00000,0x0000009bd4f00000)]
=>0x000001b8bcec3000 JavaThread "restartedMain" [_thread_in_vm, id=4676, stack(0x0000009bd4d00000,0x0000009bd4e00000)]
  0x000001b8bcebf800 JavaThread "Thread-1" [_thread_blocked, id=7616, stack(0x0000009bd4c00000,0x0000009bd4d00000)]
  0x000001b8bd48d800 JavaThread "RMI TCP Accept-0" daemon [_thread_in_native, id=5920, stack(0x0000009bd4a00000,0x0000009bd4b00000)]
  0x000001b8bd228000 JavaThread "Service Thread" daemon [_thread_blocked, id=12884, stack(0x0000009bd4900000,0x0000009bd4a00000)]
  0x000001b8bd189800 JavaThread "C1 CompilerThread2" daemon [_thread_blocked, id=12208, stack(0x0000009bd4800000,0x0000009bd4900000)]
  0x000001b8bd185000 JavaThread "C2 CompilerThread1" daemon [_thread_blocked, id=496, stack(0x0000009bd4700000,0x0000009bd4800000)]
  0x000001b8bd184000 JavaThread "C2 CompilerThread0" daemon [_thread_blocked, id=18116, stack(0x0000009bd4600000,0x0000009bd4700000)]
  0x000001b8bd17e000 JavaThread "Monitor Ctrl-Break" daemon [_thread_in_native, id=8540, stack(0x0000009bd4500000,0x0000009bd4600000)]
  0x000001b8bb53b800 JavaThread "Attach Listener" daemon [_thread_blocked, id=15972, stack(0x0000009bd4400000,0x0000009bd4500000)]
  0x000001b8bb591800 JavaThread "Signal Dispatcher" daemon [_thread_blocked, id=8952, stack(0x0000009bd4300000,0x0000009bd4400000)]
  0x000001b8a06cc800 JavaThread "Finalizer" daemon [_thread_blocked, id=19192, stack(0x0000009bd4200000,0x0000009bd4300000)]
  0x000001b8bb505000 JavaThread "Reference Handler" daemon [_thread_blocked, id=9324, stack(0x0000009bd4100000,0x0000009bd4200000)]
  0x000001b8a0637000 JavaThread "main" [_thread_blocked, id=20172, stack(0x0000009bd3900000,0x0000009bd3a00000)]

Other Threads:
  0x000001b8bb4e0800 VMThread [stack: 0x0000009bd4000000,0x0000009bd4100000] [id=20132]
  0x000001b8bd4a0000 WatcherThread [stack: 0x0000009bd4b00000,0x0000009bd4c00000] [id=6956]

VM state:not at safepoint (normal execution)

VM Mutex/Monitor currently owned by a thread: None

heap address: 0x00000006c1400000, size: 4076 MB, Compressed Oops mode: Zero based, Oop shift amount: 3
Narrow klass base: 0x0000000000000000, Narrow klass shift: 3
Compressed class space size: 1073741824 Address: 0x00000007c0000000

Heap:
 PSYoungGen      total 55296K, used 17350K [0x000000076b180000, 0x0000000772780000, 0x00000007c0000000)
  eden space 51200K, 25% used [0x000000076b180000,0x000000076be72508,0x000000076e380000)
  from space 4096K, 99% used [0x000000076e380000,0x000000076e77f368,0x000000076e780000)
  to   space 9216K, 0% used [0x0000000771e80000,0x0000000771e80000,0x0000000772780000)
 ParOldGen       total 68608K, used 10241K [0x00000006c1400000, 0x00000006c5700000, 0x000000076b180000)
  object space 68608K, 14% used [0x00000006c1400000,0x00000006c1e00410,0x00000006c5700000)
 Metaspace       used 17986K, capacity 18590K, committed 18688K, reserved 1064960K
  class space    used 2343K, capacity 2504K, committed 2560K, reserved 1048576K

Card table byte_map: [0x000001b8b13f0000,0x000001b8b1bf0000] byte_map_base: 0x000001b8adde6000

Marking Bits: (ParMarkBitMap*) 0x0000000057834fb0
 Begin Bits: [0x000001b8b2140000, 0x000001b8b60f0000)
 End Bits:   [0x000001b8b60f0000, 0x000001b8ba0a0000)

Polling page: 0x000001b8a0820000

CodeCache: size=245760Kb used=3260Kb max_used=3260Kb free=242499Kb
 bounds [0x000001b8a2030000, 0x000001b8a2360000, 0x000001b8b1030000]
 total_blobs=1822 nmethods=1427 adapters=306
 compilation: disabled (not enough contiguous free space left)

Compilation events (10 events):
Event: 1.144 Thread 0x000001b8bd189800 nmethod 1422 0x000001b8a235d350 code [0x000001b8a235d4a0, 0x000001b8a235d5d8]
Event: 1.144 Thread 0x000001b8bd189800 1423       1       java.util.ArrayDeque::isEmpty (17 bytes)
Event: 1.144 Thread 0x000001b8bd189800 nmethod 1423 0x000001b8a235d650 code [0x000001b8a235d7a0, 0x000001b8a235d8d8]
Event: 1.144 Thread 0x000001b8bd189800 1424       1       java.lang.invoke.DirectMethodHandle::preparedLambdaForm (230 bytes)
Event: 1.144 Thread 0x000001b8bd189800 nmethod 1424 0x000001b8a235d950 code [0x000001b8a235db40, 0x000001b8a235dfc0]
Event: 1.144 Thread 0x000001b8bd189800 1425       1       java.lang.invoke.TypeConvertingMethodAdapter::cast (42 bytes)
Event: 1.144 Thread 0x000001b8bd189800 nmethod 1425 0x000001b8a235e6d0 code [0x000001b8a235e860, 0x000001b8a235ea70]
Event: 1.144 Thread 0x000001b8bd189800 1426       1       org.springframework.util.CollectionUtils::isEmpty (19 bytes)
Event: 1.144 Thread 0x000001b8bd189800 nmethod 1426 0x000001b8a235ebd0 code [0x000001b8a235ed20, 0x000001b8a235ee70]
Event: 1.144 Thread 0x000001b8bd189800 1428       1       java.lang.invoke.TypeConvertingMethodAdapter::convertType (299 bytes)

GC Heap History (10 events):
Event: 0.528 GC heap before
{Heap before GC invocations=1 (full 0):
 PSYoungGen      total 29696K, used 25600K [0x000000076b180000, 0x000000076d280000, 0x00000007c0000000)
  eden space 25600K, 100% used [0x000000076b180000,0x000000076ca80000,0x000000076ca80000)
  from space 4096K, 0% used [0x000000076ce80000,0x000000076ce80000,0x000000076d280000)
  to   space 4096K, 0% used [0x000000076ca80000,0x000000076ca80000,0x000000076ce80000)
 ParOldGen       total 68608K, used 0K [0x00000006c1400000, 0x00000006c5700000, 0x000000076b180000)
  object space 68608K, 0% used [0x00000006c1400000,0x00000006c1400000,0x00000006c5700000)
 Metaspace       used 9252K, capacity 9504K, committed 9728K, reserved 1058816K
  class space    used 1098K, capacity 1164K, committed 1280K, reserved 1048576K
Event: 0.531 GC heap after
Heap after GC invocations=1 (full 0):
 PSYoungGen      total 29696K, used 3698K [0x000000076b180000, 0x000000076d280000, 0x00000007c0000000)
  eden space 25600K, 0% used [0x000000076b180000,0x000000076b180000,0x000000076ca80000)
  from space 4096K, 90% used [0x000000076ca80000,0x000000076ce1cb20,0x000000076ce80000)
  to   space 4096K, 0% used [0x000000076ce80000,0x000000076ce80000,0x000000076d280000)
 ParOldGen       total 68608K, used 8K [0x00000006c1400000, 0x00000006c5700000, 0x000000076b180000)
  object space 68608K, 0% used [0x00000006c1400000,0x00000006c1402000,0x00000006c5700000)
 Metaspace       used 9252K, capacity 9504K, committed 9728K, reserved 1058816K
  class space    used 1098K, capacity 1164K, committed 1280K, reserved 1048576K
}
Event: 0.612 GC heap before
{Heap before GC invocations=2 (full 0):
 PSYoungGen      total 29696K, used 29298K [0x000000076b180000, 0x000000076d280000, 0x00000007c0000000)
  eden space 25600K, 100% used [0x000000076b180000,0x000000076ca80000,0x000000076ca80000)
  from space 4096K, 90% used [0x000000076ca80000,0x000000076ce1cb20,0x000000076ce80000)
  to   space 4096K, 0% used [0x000000076ce80000,0x000000076ce80000,0x000000076d280000)
 ParOldGen       total 68608K, used 8K [0x00000006c1400000, 0x00000006c5700000, 0x000000076b180000)
  object space 68608K, 0% used [0x00000006c1400000,0x00000006c1402000,0x00000006c5700000)
 Metaspace       used 10050K, capacity 10278K, committed 10496K, reserved 1058816K
  class space    used 1196K, capacity 1275K, committed 1280K, reserved 1048576K
Event: 0.620 GC heap after
Heap after GC invocations=2 (full 0):
 PSYoungGen      total 29696K, used 4071K [0x000000076b180000, 0x000000076eb80000, 0x00000007c0000000)
  eden space 25600K, 0% used [0x000000076b180000,0x000000076b180000,0x000000076ca80000)
  from space 4096K, 99% used [0x000000076ce80000,0x000000076d279d98,0x000000076d280000)
  to   space 4096K, 0% used [0x000000076ca80000,0x000000076ca80000,0x000000076ce80000)
 ParOldGen       total 68608K, used 1931K [0x00000006c1400000, 0x00000006c5700000, 0x000000076b180000)
  object space 68608K, 2% used [0x00000006c1400000,0x00000006c15e2d90,0x00000006c5700000)
 Metaspace       used 10050K, capacity 10278K, committed 10496K, reserved 1058816K
  class space    used 1196K, capacity 1275K, committed 1280K, reserved 1048576K
}
Event: 0.711 GC heap before
{Heap before GC invocations=3 (full 0):
 PSYoungGen      total 29696K, used 29671K [0x000000076b180000, 0x000000076eb80000, 0x00000007c0000000)
  eden space 25600K, 100% used [0x000000076b180000,0x000000076ca80000,0x000000076ca80000)
  from space 4096K, 99% used [0x000000076ce80000,0x000000076d279d98,0x000000076d280000)
  to   space 4096K, 0% used [0x000000076ca80000,0x000000076ca80000,0x000000076ce80000)
 ParOldGen       total 68608K, used 1931K [0x00000006c1400000, 0x00000006c5700000, 0x000000076b180000)
  object space 68608K, 2% used [0x00000006c1400000,0x00000006c15e2d90,0x00000006c5700000)
 Metaspace       used 11278K, capacity 11588K, committed 11776K, reserved 1058816K
  class space    used 1373K, capacity 1453K, committed 1536K, reserved 1048576K
Event: 0.717 GC heap after
Heap after GC invocations=3 (full 0):
 PSYoungGen      total 29696K, used 4092K [0x000000076b180000, 0x000000076eb80000, 0x00000007c0000000)
  eden space 25600K, 0% used [0x000000076b180000,0x000000076b180000,0x000000076ca80000)
  from space 4096K, 99% used [0x000000076ca80000,0x000000076ce7f388,0x000000076ce80000)
  to   space 4096K, 0% used [0x000000076e780000,0x000000076e780000,0x000000076eb80000)
 ParOldGen       total 68608K, used 4209K [0x00000006c1400000, 0x00000006c5700000, 0x000000076b180000)
  object space 68608K, 6% used [0x00000006c1400000,0x00000006c181c7c8,0x00000006c5700000)
 Metaspace       used 11278K, capacity 11588K, committed 11776K, reserved 1058816K
  class space    used 1373K, capacity 1453K, committed 1536K, reserved 1048576K
}
Event: 0.831 GC heap before
{Heap before GC invocations=4 (full 0):
 PSYoungGen      total 29696K, used 29692K [0x000000076b180000, 0x000000076eb80000, 0x00000007c0000000)
  eden space 25600K, 100% used [0x000000076b180000,0x000000076ca80000,0x000000076ca80000)
  from space 4096K, 99% used [0x000000076ca80000,0x000000076ce7f388,0x000000076ce80000)
  to   space 4096K, 0% used [0x000000076e780000,0x000000076e780000,0x000000076eb80000)
 ParOldGen       total 68608K, used 4209K [0x00000006c1400000, 0x00000006c5700000, 0x000000076b180000)
  object space 68608K, 6% used [0x00000006c1400000,0x00000006c181c7c8,0x00000006c5700000)
 Metaspace       used 13307K, capacity 13634K, committed 13824K, reserved 1060864K
  class space    used 1654K, capacity 1742K, committed 1792K, reserved 1048576K
Event: 0.847 GC heap after
Heap after GC invocations=4 (full 0):
 PSYoungGen      total 55296K, used 4076K [0x000000076b180000, 0x000000076eb80000, 0x00000007c0000000)
  eden space 51200K, 0% used [0x000000076b180000,0x000000076b180000,0x000000076e380000)
  from space 4096K, 99% used [0x000000076e780000,0x000000076eb7b378,0x000000076eb80000)
  to   space 4096K, 0% used [0x000000076e380000,0x000000076e380000,0x000000076e780000)
 ParOldGen       total 68608K, used 5999K [0x00000006c1400000, 0x00000006c5700000, 0x000000076b180000)
  object space 68608K, 8% used [0x00000006c1400000,0x00000006c19dbf68,0x00000006c5700000)
 Metaspace       used 13307K, capacity 13634K, committed 13824K, reserved 1060864K
  class space    used 1654K, capacity 1742K, committed 1792K, reserved 1048576K
}
Event: 1.093 GC heap before
{Heap before GC invocations=5 (full 0):
 PSYoungGen      total 55296K, used 55276K [0x000000076b180000, 0x000000076eb80000, 0x00000007c0000000)
  eden space 51200K, 100% used [0x000000076b180000,0x000000076e380000,0x000000076e380000)
  from space 4096K, 99% used [0x000000076e780000,0x000000076eb7b378,0x000000076eb80000)
  to   space 4096K, 0% used [0x000000076e380000,0x000000076e380000,0x000000076e780000)
 ParOldGen       total 68608K, used 5999K [0x00000006c1400000, 0x00000006c5700000, 0x000000076b180000)
  object space 68608K, 8% used [0x00000006c1400000,0x00000006c19dbf68,0x00000006c5700000)
 Metaspace       used 17228K, capacity 17692K, committed 17792K, reserved 1064960K
  class space    used 2220K, capacity 2363K, committed 2432K, reserved 1048576K
Event: 1.104 GC heap after
Heap after GC invocations=5 (full 0):
 PSYoungGen      total 55296K, used 4092K [0x000000076b180000, 0x0000000772780000, 0x00000007c0000000)
  eden space 51200K, 0% used [0x000000076b180000,0x000000076b180000,0x000000076e380000)
  from space 4096K, 99% used [0x000000076e380000,0x000000076e77f368,0x000000076e780000)
  to   space 9216K, 0% used [0x0000000771e80000,0x0000000771e80000,0x0000000772780000)
 ParOldGen       total 68608K, used 10241K [0x00000006c1400000, 0x00000006c5700000, 0x000000076b180000)
  object space 68608K, 14% used [0x00000006c1400000,0x00000006c1e00410,0x00000006c5700000)
 Metaspace       used 17228K, capacity 17692K, committed 17792K, reserved 1064960K
  class space    used 2220K, capacity 2363K, committed 2432K, reserved 1048576K
}

Deoptimization events (0 events):
No events

Classes redefined (0 events):
No events

Internal exceptions (10 events):
Event: 0.956 Thread 0x000001b8bd707000 Exception <a 'java/lang/ArrayIndexOutOfBoundsException'> (0x000000076c28b278) thrown at [C:\jenkins\workspace\8-2-build-windows-amd64-cygwin\jdk8u261\295\hotspot\src\share\vm\runtime\sharedRuntime.cpp, line 605]
Event: 0.957 Thread 0x000001b8bd707000 Exception <a 'java/lang/ArrayIndexOutOfBoundsException'> (0x000000076c2b0610) thrown at [C:\jenkins\workspace\8-2-build-windows-amd64-cygwin\jdk8u261\295\hotspot\src\share\vm\runtime\sharedRuntime.cpp, line 605]
Event: 0.958 Thread 0x000001b8bd707000 Exception <a 'java/lang/ArrayIndexOutOfBoundsException'> (0x000000076c2c7308) thrown at [C:\jenkins\workspace\8-2-build-windows-amd64-cygwin\jdk8u261\295\hotspot\src\share\vm\runtime\sharedRuntime.cpp, line 605]
Event: 0.958 Thread 0x000001b8bd707000 Exception <a 'java/lang/ArrayIndexOutOfBoundsException'> (0x000000076c2dd8d8) thrown at [C:\jenkins\workspace\8-2-build-windows-amd64-cygwin\jdk8u261\295\hotspot\src\share\vm\runtime\sharedRuntime.cpp, line 605]
Event: 0.959 Thread 0x000001b8bd707000 Exception <a 'java/lang/ArrayIndexOutOfBoundsException'> (0x000000076c2f07b8) thrown at [C:\jenkins\workspace\8-2-build-windows-amd64-cygwin\jdk8u261\295\hotspot\src\share\vm\runtime\sharedRuntime.cpp, line 605]
Event: 1.001 Thread 0x000001b8bd707000 Exception <a 'java/lang/ArrayIndexOutOfBoundsException'> (0x000000076ca16250) thrown at [C:\jenkins\workspace\8-2-build-windows-amd64-cygwin\jdk8u261\295\hotspot\src\share\vm\runtime\sharedRuntime.cpp, line 605]
Event: 1.001 Thread 0x000001b8bd707000 Exception <a 'java/lang/ArrayIndexOutOfBoundsException'> (0x000000076ca16dd8) thrown at [C:\jenkins\workspace\8-2-build-windows-amd64-cygwin\jdk8u261\295\hotspot\src\share\vm\runtime\sharedRuntime.cpp, line 605]
Event: 1.001 Thread 0x000001b8bd707000 Exception <a 'java/lang/ArrayIndexOutOfBoundsException'> (0x000000076ca188a8) thrown at [C:\jenkins\workspace\8-2-build-windows-amd64-cygwin\jdk8u261\295\hotspot\src\share\vm\runtime\sharedRuntime.cpp, line 605]
Event: 1.122 Thread 0x000001b8bcec3000 Exception <a 'java/lang/NoSuchMethodError': java.lang.Object.lambda$comparing$77a9974f$1(Ljava/util/function/Function;Ljava/lang/Object;Ljava/lang/Object;)I> (0x000000076b554cc8) thrown at [C:\jenkins\workspace\8-2-build-windows-amd64-cygwin\jdk8u261\295\
Event: 1.123 Thread 0x000001b8bcec3000 Exception <a 'java/lang/NoSuchMethodError': java.lang.Object.lambda$comparingByKey$6d558cbf$1(Ljava/util/Comparator;Ljava/util/Map$Entry;Ljava/util/Map$Entry;)I> (0x000000076b559830) thrown at [C:\jenkins\workspace\8-2-build-windows-amd64-cygwin\jdk8u261\

Events (10 events):
Event: 1.148 loading class org/springframework/boot/context/config/ConfigFileApplicationListener$Profile
Event: 1.148 loading class org/springframework/boot/context/config/ConfigFileApplicationListener$Profile done
Event: 1.148 loading class com/fasterxml/jackson/datatype/jsr310/deser/DurationDeserializer
Event: 1.148 loading class com/fasterxml/jackson/datatype/jsr310/deser/DurationDeserializer done
Event: 1.148 loading class org/springframework/boot/context/config/ConfigFileApplicationListener$Loader
Event: 1.148 loading class org/springframework/boot/context/config/ConfigFileApplicationListener$Loader done
Event: 1.148 loading class org/springframework/boot/context/config/ConfigFileApplicationListener$Profile
Event: 1.148 loading class org/springframework/boot/context/config/ConfigFileApplicationListener$Profile done
Event: 1.148 loading class com/fasterxml/jackson/datatype/jsr310/deser/LocalDateTimeDeserializer
Event: 1.148 loading class com/fasterxml/jackson/datatype/jsr310/deser/LocalDateTimeDeserializer done


Dynamic libraries:
0x00007ff6f4270000 - 0x00007ff6f42b7000 	D:\jdk1.8.0_261\bin\java.exe
0x00007ff92b060000 - 0x00007ff92b250000 	C:\WINDOWS\SYSTEM32\ntdll.dll
0x00007ff92a220000 - 0x00007ff92a2d2000 	C:\WINDOWS\System32\KERNEL32.DLL
0x00007ff928c60000 - 0x00007ff928f05000 	C:\WINDOWS\System32\KERNELBASE.dll
0x00007ff929600000 - 0x00007ff9296a3000 	C:\WINDOWS\System32\ADVAPI32.dll
0x00007ff92aed0000 - 0x00007ff92af6e000 	C:\WINDOWS\System32\msvcrt.dll
0x00007ff9296b0000 - 0x00007ff929747000 	C:\WINDOWS\System32\sechost.dll
0x00007ff92a2e0000 - 0x00007ff92a3ff000 	C:\WINDOWS\System32\RPCRT4.dll
0x00007ff929390000 - 0x00007ff929524000 	C:\WINDOWS\System32\USER32.dll
0x00007ff927fe0000 - 0x00007ff928001000 	C:\WINDOWS\System32\win32u.dll
0x00007ff929190000 - 0x00007ff9291b6000 	C:\WINDOWS\System32\GDI32.dll
0x00007ff928010000 - 0x00007ff9281a8000 	C:\WINDOWS\System32\gdi32full.dll
0x00007ff928210000 - 0x00007ff9282ae000 	C:\WINDOWS\System32\msvcp_win.dll
0x00007ff928b10000 - 0x00007ff928c0a000 	C:\WINDOWS\System32\ucrtbase.dll
0x00007ff916e60000 - 0x00007ff9170e4000 	C:\WINDOWS\WinSxS\amd64_microsoft.windows.common-controls_6595b64144ccf1df_6.0.18362.1379_none_9e7ff3b3e45cc0c4\COMCTL32.dll
0x00007ff92a400000 - 0x00007ff92a737000 	C:\WINDOWS\System32\combase.dll
0x00007ff928a80000 - 0x00007ff928b01000 	C:\WINDOWS\System32\bcryptPrimitives.dll
0x00007ff92a810000 - 0x00007ff92a83e000 	C:\WINDOWS\System32\IMM32.DLL
0x00007ff926070000 - 0x00007ff926085000 	D:\jdk1.8.0_261\jre\bin\vcruntime140.dll
0x00007ff90c690000 - 0x00007ff90c72b000 	D:\jdk1.8.0_261\jre\bin\msvcp140.dll
0x0000000057040000 - 0x00000000578ac000 	D:\jdk1.8.0_261\jre\bin\server\jvm.dll
0x00007ff92aec0000 - 0x00007ff92aec8000 	C:\WINDOWS\System32\PSAPI.DLL
0x00007ff914150000 - 0x00007ff914159000 	C:\WINDOWS\SYSTEM32\WSOCK32.dll
0x00007ff929910000 - 0x00007ff92997f000 	C:\WINDOWS\System32\WS2_32.dll
0x00007ff925e90000 - 0x00007ff925eb4000 	C:\WINDOWS\SYSTEM32\WINMM.dll
0x00007ff9220b0000 - 0x00007ff9220ba000 	C:\WINDOWS\SYSTEM32\VERSION.dll
0x00007ff925d80000 - 0x00007ff925dad000 	C:\WINDOWS\SYSTEM32\WINMMBASE.dll
0x00007ff928c10000 - 0x00007ff928c5a000 	C:\WINDOWS\System32\cfgmgr32.dll
0x00007ff927f90000 - 0x00007ff927fa1000 	C:\WINDOWS\System32\kernel.appcore.dll
0x00007ff9249e0000 - 0x00007ff9249f0000 	D:\jdk1.8.0_261\jre\bin\verify.dll
0x00007ff9216a0000 - 0x00007ff9216cb000 	D:\jdk1.8.0_261\jre\bin\java.dll
0x00007ff90d410000 - 0x00007ff90d442000 	D:\jdk1.8.0_261\jre\bin\instrument.dll
0x00007ff921800000 - 0x00007ff921818000 	D:\jdk1.8.0_261\jre\bin\zip.dll
0x00007ff929980000 - 0x00007ff92a068000 	C:\WINDOWS\System32\SHELL32.dll
0x00007ff92ae10000 - 0x00007ff92aeb7000 	C:\WINDOWS\System32\shcore.dll
0x00007ff9282b0000 - 0x00007ff928a2b000 	C:\WINDOWS\System32\windows.storage.dll
0x00007ff927fb0000 - 0x00007ff927fd3000 	C:\WINDOWS\System32\profapi.dll
0x00007ff927f20000 - 0x00007ff927f6a000 	C:\WINDOWS\System32\powrprof.dll
0x00007ff927f10000 - 0x00007ff927f20000 	C:\WINDOWS\System32\UMPDC.dll
0x00007ff9295a0000 - 0x00007ff9295f2000 	C:\WINDOWS\System32\shlwapi.dll
0x00007ff928a60000 - 0x00007ff928a77000 	C:\WINDOWS\System32\cryptsp.dll
0x00007ff90f1b0000 - 0x00007ff90f1ca000 	D:\IntelliJ IDEA 2020.2.1\bin\breakgen64.dll
0x00007ff921670000 - 0x00007ff92168c000 	D:\jdk1.8.0_261\jre\bin\net.dll
0x00007ff927750000 - 0x00007ff9277b7000 	C:\WINDOWS\system32\mswsock.dll
0x00007ff9274a0000 - 0x00007ff92756b000 	C:\WINDOWS\SYSTEM32\DNSAPI.dll
0x00007ff929900000 - 0x00007ff929908000 	C:\WINDOWS\System32\NSI.dll
0x00007ff927460000 - 0x00007ff92749a000 	C:\WINDOWS\SYSTEM32\IPHLPAPI.DLL
0x0000000058b90000 - 0x0000000058bb6000 	C:\Program Files\Bonjour\mdnsNSP.dll
0x00007ff917cc0000 - 0x00007ff917cca000 	C:\Windows\System32\rasadhlp.dll
0x00007ff9202e0000 - 0x00007ff920357000 	C:\WINDOWS\System32\fwpuclnt.dll
0x00007ff928a30000 - 0x00007ff928a56000 	C:\WINDOWS\System32\bcrypt.dll
0x00007ff9114c0000 - 0x00007ff9114cd000 	D:\jdk1.8.0_261\jre\bin\management.dll
0x00007ff921630000 - 0x00007ff921643000 	D:\jdk1.8.0_261\jre\bin\nio.dll
0x00007ff9272d0000 - 0x00007ff927303000 	C:\WINDOWS\system32\rsaenh.dll
0x00007ff927df0000 - 0x00007ff927e15000 	C:\WINDOWS\SYSTEM32\USERENV.dll
0x00007ff927920000 - 0x00007ff92792c000 	C:\WINDOWS\SYSTEM32\CRYPTBASE.dll
0x00007ff920d80000 - 0x00007ff920d96000 	C:\WINDOWS\SYSTEM32\dhcpcsvc6.DLL
0x00007ff920d00000 - 0x00007ff920d1c000 	C:\WINDOWS\SYSTEM32\dhcpcsvc.DLL
0x00007ff90cfe0000 - 0x00007ff90cff6000 	C:\WINDOWS\system32\napinsp.dll
0x00007ff90cfc0000 - 0x00007ff90cfda000 	C:\WINDOWS\system32\pnrpnsp.dll
0x00007ff90cfb0000 - 0x00007ff90cfbe000 	C:\WINDOWS\System32\winrnr.dll
0x00007ff924630000 - 0x00007ff92464c000 	C:\WINDOWS\system32\NLAapi.dll
0x00007ff90cf90000 - 0x00007ff90cfa5000 	C:\WINDOWS\system32\wshbth.dll
0x00007ff912400000 - 0x00007ff9125f4000 	C:\WINDOWS\SYSTEM32\dbghelp.dll

VM Arguments:
jvm_args: -Xms100m -XX:TieredStopAtLevel=1 -Xverify:none -Dspring.output.ansi.enabled=always -Dcom.sun.management.jmxremote -Dspring.jmx.enabled=true -Dspring.liveBeansView.mbeanDomain -Dspring.application.admin.enabled=true -javaagent:D:\IntelliJ IDEA 2020.2.1\lib\idea_rt.jar=39371:D:\IntelliJ IDEA 2020.2.1\bin -Dfile.encoding=UTF-8 
java_command: com.quguai.campustransaction.order.CampusTransactionOrderApplication
java_class_path (initial): D:\jdk1.8.0_261\jre\lib\charsets.jar;D:\jdk1.8.0_261\jre\lib\deploy.jar;D:\jdk1.8.0_261\jre\lib\ext\access-bridge-64.jar;D:\jdk1.8.0_261\jre\lib\ext\cldrdata.jar;D:\jdk1.8.0_261\jre\lib\ext\dnsns.jar;D:\jdk1.8.0_261\jre\lib\ext\jaccess.jar;D:\jdk1.8.0_261\jre\lib\ext\jfxrt.jar;D:\jdk1.8.0_261\jre\lib\ext\localedata.jar;D:\jdk1.8.0_261\jre\lib\ext\nashorn.jar;D:\jdk1.8.0_261\jre\lib\ext\sunec.jar;D:\jdk1.8.0_261\jre\lib\ext\sunjce_provider.jar;D:\jdk1.8.0_261\jre\lib\ext\sunmscapi.jar;D:\jdk1.8.0_261\jre\lib\ext\sunpkcs11.jar;D:\jdk1.8.0_261\jre\lib\ext\zipfs.jar;D:\jdk1.8.0_261\jre\lib\javaws.jar;D:\jdk1.8.0_261\jre\lib\jce.jar;D:\jdk1.8.0_261\jre\lib\jfr.jar;D:\jdk1.8.0_261\jre\lib\jfxswt.jar;D:\jdk1.8.0_261\jre\lib\jsse.jar;D:\jdk1.8.0_261\jre\lib\management-agent.jar;D:\jdk1.8.0_261\jre\lib\plugin.jar;D:\jdk1.8.0_261\jre\lib\resources.jar;D:\jdk1.8.0_261\jre\lib\rt.jar;E:\IDEA Projects\Campus-second-hand-transaction\Campus-Transaction-order\target\classes;E:\IDEA Projects\Campus-second-hand-transaction\Campus-Transaction-Common\target\classes;E:\Maven\maven_repository\com\baomidou\mybatis-plus-boot-starter\3.4.0\mybatis-plus-boot-starter-3.4.0.jar;E:\Maven\maven_repository\com\baomidou\mybatis-plus\3.4.0\mybatis-plus-3.4.0.jar;E:\Maven\maven_repository\com\baomidou\mybatis-plus-extension\3.4.0\mybatis-plus-extension-3.4.0.jar;E:\Maven\maven_repository\com\baomidou\mybatis-plus-core\3.4.0\mybatis-plus-core-3.4.0.jar;E:\Maven\maven_repository\com\baomidou\mybatis-plus-annotation\3.4.0\mybatis-plus-annotation-3.4.0.jar;E:\Maven\maven_repository\com\github\jsqlparser\jsqlparser\3.2\jsqlparser-3.2.jar;E:\Maven\maven_repository\org\mybatis\mybatis\3.5.5\mybatis-3.5.5.jar;E:\Maven\maven_repository\org\mybatis\mybatis-spring\2.0.5\mybatis-spring-2.0.5.jar;E:\Maven\maven_repository\org\springframework\boot\spring-boot-starter-jdbc\2.2.4.RELEASE\spring-boot-starter-jdbc-2.2.4.RELEASE.jar;E:\Maven\maven_repository\com\zaxxer\HikariCP\3.4.2\Hikar
Launcher Type: SUN_STANDARD

Environment Variables:
JAVA_HOME=D:\jdk1.8.0_261
JRE_HOME=D:\jdk1.8.0_261\jre
CLASSPATH=.;D:\jdk1.8.0_261\lib;D:\my_package
PATH=D:\Visual Studio\2019\Community\VC\Tools\MSVC\14.24.28314\bin\Hostx64\x64\cl.exe;D:\Visual Studio\2019\Community\VC\Tools\MSVC\14.24.28314\bin\Hostx64\x64;E:\NVIDIA GPU Computing Toolkit\CUDA\v10.1\bin;E:\NVIDIA GPU Computing Toolkit\CUDA\v10.1\libnvvp;E:\NVIDIA GPU Computing Toolkit\CUDA\v10.1;E:\NVIDIA GPU Computing Toolkit\CUDA\v10.1\lib\x64;E:\MinGW\bin;C:\Program Files (x86)\Common Files\Oracle\Java\javapath;C:\WINDOWS\system32;C:\WINDOWS;C:\WINDOWS\System32\Wbem;C:\WINDOWS\System32\WindowsPowerShell\v1.0\;C:\WINDOWS\System32\OpenSSH\;D:\jdk1.8.0_261\bin;D:\MATLAB\R2018b\runtime\win64;D:\MATLAB\R2018b\bin;D:\Git\cmd;D:\MySQL\mysql-8.0.18-winx64\bin;E:\GnuWin32\bin;C:\Program Files\dotnet\;E:\nodejs\;E:\Maven\apache-maven-3.6.3\bin;E:\VTK\VTK-prefix\bin;E:\GnuWin32\bin;E:\GnuWin32;E:\FormatFactory;E:\NetSarang\Xshell 7\;E:\NetSarang\Xftp 7\;E:\Gradle-6.8.2\bin;D:\Python3.6.6\Scripts\;D:\Python3.6.6\;C:\Users\LiYangSir\AppData\Local\Microsoft\WindowsApps;;D:\IntelliJ IDEA\bin;;D:\IntelliJ IDEA 2020.2.1\bin;;D:\PyCharm 2020.1.3\bin;;E:\Microsoft VS Code\bin;D:\CLion 2019.3.2\bin;;D:\PhpStorm 2019.3.1\bin;;D:\WebStorm 2020.1.3\bin;;C:\Program Files\Bandizip\;C:\Users\LiYangSir\AppData\Roaming\npm;E:\DataGrip 2020.3.1\bin;
USERNAME=LiYangSir
OS=Windows_NT
PROCESSOR_IDENTIFIER=Intel64 Family 6 Model 158 Stepping 10, GenuineIntel



---------------  S Y S T E M  ---------------

OS: Windows 10.0 , 64 bit Build 18362 (10.0.18362.1350)

CPU:total 6 (initial active 6) (6 cores per cpu, 1 threads per core) family 6 model 158 stepping 10, cmov, cx8, fxsr, mmx, sse, sse2, sse3, ssse3, sse4.1, sse4.2, popcnt, avx, avx2, aes, clmul, erms, 3dnowpref, lzcnt, tsc, tscinvbit, bmi1, bmi2, adx

Memory: 4k page, physical 16690964k(7273540k free), swap 17739540k(4120k free)

vm_info: Java HotSpot(TM) 64-Bit Server VM (25.261-b12) for windows-amd64 JRE (1.8.0_261-b12), built on Jun 18 2020 06:56:32 by "" with unknown MS VC++:1916

time: Sat Mar  6 15:38:49 2021
timezone: ?D1¨²¡À¨º¡Á?¨º¡À??
elapsed time: 1 seconds (0d 0h 0m 1s)

